<?xml version="1.0" encoding="UTF-8"?>
<!-- Generated by org.testng.reporters.JUnitReportReporter -->
<testsuite hostname="LAPTOP-BFKPRMO3" failures="0" tests="1" name="com.vtiger.org.CreateOrgTest" time="0.050" errors="0" timestamp="20 Oct 2020 06:15:03 GMT" skipped="0">
  <testcase classname="com.vtiger.org.CreateOrgTest" name="Open" time="0.050"/>
</testsuite> <!-- com.vtiger.org.CreateOrgTest -->
