<?xml version="1.0" encoding="UTF-8"?>
<!-- Generated by org.testng.reporters.JUnitReportReporter -->
<testsuite hostname="LAPTOP-BFKPRMO3" failures="0" tests="1" name="com.vtiger.org.ExtentReport" time="1.640" errors="0" timestamp="20 Oct 2020 16:24:21 GMT" skipped="0">
  <testcase classname="com.vtiger.org.ExtentReport" name="login" time="1.640"/>
</testsuite> <!-- com.vtiger.org.ExtentReport -->
